#
# A fatal error has been detected by the Java Runtime Environment:
#
#  SIGSEGV (0xb) at pc=0x00007fb3b440ab6f, pid=16664, tid=0x00007fb3b8ad0740
#
# JRE version: OpenJDK Runtime Environment (8.0_212-b03) (build 1.8.0_212-8u212-b03-0ubuntu1.18.04.1-b03)
# Java VM: OpenJDK 64-Bit Server VM (25.212-b03 mixed mode linux-amd64 compressed oops)
# Problematic frame:
# V  [libjvm.so+0x6aab6f]
#
# Core dump written. Default location: /home/negar/EntityLinkingRetrieval-ELR-master/core or core.16664
#
# If you would like to submit a bug report, please visit:
#   http://bugreport.java.com/bugreport/crash.jsp
#

---------------  T H R E A D  ---------------

Current thread (0x00007fffbbe8c800):  JavaThread "main" [_thread_in_vm, id=16664, stack(0x00007fffc332b000,0x00007fffc342b000)]

siginfo: si_signo: 11 (SIGSEGV), si_code: 1 (SEGV_MAPERR), si_addr: 0x0000000000000000

Registers:
RAX=0x0000000000000000, RBX=0x0000000000000005, RCX=0x0000000000000005, RDX=0x00007fffbbbdb278
RSP=0x00007fffc3427ee0, RBP=0x00007fffc3428030, RSI=0x00007fffbbe8c800, RDI=0x00007fffbbe8c800
R8 =0x00007fb3b4ca00c0, R9 =0x0000000000000000, R10=0x00007fffbc02b7f0, R11=0x00007fb3b486248c
R12=0x0000000000000000, R13=0x00007fffbbe8c800, R14=0x00007fffbbe8c9e0, R15=0x00007fffc3428040
RIP=0x00007fb3b440ab6f, EFLAGS=0x0000000000010202, CSGSFS=0x00000053002b0033, ERR=0x0000000000000000
  TRAPNO=0x0000000000000000

Top of Stack: (sp=0x00007fffc3427ee0)
0x00007fffc3427ee0:   00000000000003d8 00007fffbbc99e70
0x00007fffc3427ef0:   00007fffbbbdb2a0 8e4b0cff692ac500
0x00007fffc3427f00:   0000000000000000 00007fffbbe8c800
0x00007fffc3427f10:   0000000000000001 00007fffbbe8c9e0
0x00007fffc3427f20:   00007fffbbe8c800 0000000000000000
0x00007fffc3427f30:   00007fffc3427f70 00007fb3b4430880
0x00007fffc3427f40:   00007fb3b52ac008 00007fffbc01e458
0x00007fffc3427f50:   00007f00c3427f80 00007fffbbe8c800
0x00007fffc3427f60:   00007fffbbe8c800 00007fffbbbdb270
0x00007fffc3427f70:   00007fff000000c7 00007fb3b489a3b8
0x00007fffc3427f80:   00007fffc3428030 00007fb3b43f9c34
0x00007fffc3427f90:   00007fffc3427fe0 00007fffc3427fd0
0x00007fffc3427fa0:   00007fffbc02b7f0 00007fffbbe8c800
0x00007fffc3427fb0:   00007fffc3428030 00007fb3b43f9759
0x00007fffc3427fc0:   00007fffbbbdb278 00007fb3a06e3e50
0x00007fffc3427fd0:   00007fffbbe8c800 00007fffbbbdb270
0x00007fffc3427fe0:   00007fb3000000c7 00007fb3b489a3b8
0x00007fffc3427ff0:   00007fffbbc681f0 8e4b0cff692ac500
0x00007fffc3428000:   00007fffc3428030 00007fffbbe8c9e0
0x00007fffc3428010:   00007fffc3428160 00007fffc3428120
0x00007fffc3428020:   0000000000000001 00007fb3b352dab8
0x00007fffc3428030:   00007fb3b54af6e0 00007fb3b52a56db
0x00007fffc3428040:   00007fb3b52ac0fe 00007fb3b52ac10b
0x00007fffc3428050:   00007fb3b52a5e90 00007fb3b52ac10f
0x00007fffc3428060:   00007fb3b52ac10b 00007fb3b52a6060
0x00007fffc3428070:   00007fb3b52ac11e 00007fb3b52ac12b
0x00007fffc3428080:   00007fb3b52a5da0 00007fb3b52ac140
0x00007fffc3428090:   00007fb3b52ac12b 00007fb3b52a5f60
0x00007fffc34280a0:   00007fb3b52ac150 00007fb3b52ac12b
0x00007fffc34280b0:   00007fb3b52a5b90 8e4b0cff692ac500
0x00007fffc34280c0:   00007fffc3428160 00007fb3b52a69ba
0x00007fffc34280d0:   00007fb3b8a64108 00007fb3b3556c0c 

Instructions: (pc=0x00007fb3b440ab6f)
0x00007fb3b440ab4f:   89 ad 30 ff ff ff 48 c7 85 38 ff ff ff 00 00 00
0x00007fb3b440ab5f:   00 74 0c 48 8d bd 30 ff ff ff e8 e2 07 2a 00 90
0x00007fb3b440ab6f:   49 8b 3c 24 e8 08 a6 fd ff 85 db 49 89 c6 0f 8e
0x00007fb3b440ab7f:   f5 07 00 00 8d 43 ff 48 8d 04 40 49 8d 44 c7 18 

Register to memory mapping:

RAX=0x0000000000000000 is an unknown value
RBX=0x0000000000000005 is an unknown value
RCX=0x0000000000000005 is an unknown value
RDX=0x00007fffbbbdb278 is an unknown value
RSP=0x00007fffc3427ee0 is pointing into the stack for thread: 0x00007fffbbe8c800
RBP=0x00007fffc3428030 is pointing into the stack for thread: 0x00007fffbbe8c800
RSI=0x00007fffbbe8c800 is a thread
RDI=0x00007fffbbe8c800 is a thread
R8 =0x00007fb3b4ca00c0: <offset 0xf400c0> in /usr/lib/jvm/java-8-openjdk-amd64/jre/lib/amd64/server/libjvm.so at 0x00007fb3b3d60000
R9 =0x0000000000000000 is an unknown value
R10=0x00007fffbc02b7f0 is an unknown value
R11=0x00007fb3b486248c: <offset 0xb0248c> in /usr/lib/jvm/java-8-openjdk-amd64/jre/lib/amd64/server/libjvm.so at 0x00007fb3b3d60000
R12=0x0000000000000000 is an unknown value
R13=0x00007fffbbe8c800 is a thread
R14=0x00007fffbbe8c9e0 is an unknown value
R15=0x00007fffc3428040 is pointing into the stack for thread: 0x00007fffbbe8c800


Stack: [0x00007fffc332b000,0x00007fffc342b000],  sp=0x00007fffc3427ee0,  free space=1011k
Native frames: (J=compiled Java code, j=interpreted, Vv=VM code, C=native code)
V  [libjvm.so+0x6aab6f]
C  [libjcc2.so+0x56db]  registerNatives(JNIEnv_*)+0xdb


---------------  P R O C E S S  ---------------

Java Threads: ( => current thread )
  0x00007fffbc028000 JavaThread "Service Thread" daemon [_thread_blocked, id=16676, stack(0x00007fb399950000,0x00007fb399a51000)]
  0x00007fffbc003000 JavaThread "C1 CompilerThread2" daemon [_thread_blocked, id=16675, stack(0x00007fb399a61000,0x00007fb399b61000)]
  0x00007fffbc001000 JavaThread "C2 CompilerThread1" daemon [_thread_blocked, id=16674, stack(0x00007fb399b71000,0x00007fb399c71000)]
  0x00007fffbbffe000 JavaThread "C2 CompilerThread0" daemon [_thread_blocked, id=16673, stack(0x00007fb399c81000,0x00007fb399d81000)]
  0x00007fffbbffc800 JavaThread "Signal Dispatcher" daemon [_thread_blocked, id=16672, stack(0x00007fb399d90000,0x00007fb399e91000)]
  0x00007fffbbfc9800 JavaThread "Finalizer" daemon [_thread_blocked, id=16671, stack(0x00007fb39a010000,0x00007fb39a111000)]
  0x00007fffbbfc7000 JavaThread "Reference Handler" daemon [_thread_blocked, id=16670, stack(0x00007fb39a120000,0x00007fb39a221000)]
=>0x00007fffbbe8c800 JavaThread "main" [_thread_in_vm, id=16664, stack(0x00007fffc332b000,0x00007fffc342b000)]

Other Threads:
  0x00007fffbbfbd800 VMThread [stack: 0x00007fb39a231000,0x00007fb39a331000] [id=16669]
  0x00007fffbc02a000 WatcherThread [stack: 0x00007fb399841000,0x00007fb399941000] [id=16677]

VM state:not at safepoint (normal execution)

VM Mutex/Monitor currently owned by a thread: None

heap address: 0x00000005c1a00000, size: 8166 MB, Compressed Oops mode: Zero based, Oop shift amount: 3
Narrow klass base: 0x0000000000000000, Narrow klass shift: 3
Compressed class space size: 1073741824 Address: 0x00000007c0000000

Heap:
 PSYoungGen      total 153088K, used 5263K [0x0000000715e00000, 0x0000000720880000, 0x00000007c0000000)
  eden space 131584K, 4% used [0x0000000715e00000,0x0000000716323d98,0x000000071de80000)
  from space 21504K, 0% used [0x000000071f380000,0x000000071f380000,0x0000000720880000)
  to   space 21504K, 0% used [0x000000071de80000,0x000000071de80000,0x000000071f380000)
 ParOldGen       total 349696K, used 0K [0x00000005c1a00000, 0x00000005d6f80000, 0x0000000715e00000)
  object space 349696K, 0% used [0x00000005c1a00000,0x00000005c1a00000,0x00000005d6f80000)
 Metaspace       used 2396K, capacity 4480K, committed 4480K, reserved 1056768K
  class space    used 253K, capacity 384K, committed 384K, reserved 1048576K

Card table byte_map: [0x00007fb3a1dd0000,0x00007fb3a2dc4000] byte_map_base: 0x00007fb39efc3000

Marking Bits: (ParMarkBitMap*) 0x00007fb3b4ccc3c0
 Begin Bits: [0x00007fb3740d0000, 0x00007fb37c068000)
 End Bits:   [0x00007fb37c068000, 0x00007fb384000000)

Polling page: 0x00007fb3b8a40000

CodeCache: size=245760Kb used=1113Kb max_used=1113Kb free=244646Kb
 bounds [0x00007fb3a3190000, 0x00007fb3a3400000, 0x00007fb3b2190000]
 total_blobs=267 nmethods=40 adapters=144
 compilation: enabled

Compilation events (10 events):
Event: 0.160 Thread 0x00007fffbc003000 nmethod 35 0x00007fb3a32a5050 code [0x00007fb3a32a51a0, 0x00007fb3a32a52b0]
Event: 0.160 Thread 0x00007fffbc003000   36       1       java.net.URL::getFile (5 bytes)
Event: 0.160 Thread 0x00007fffbc003000 nmethod 36 0x00007fb3a32a5310 code [0x00007fb3a32a5460, 0x00007fb3a32a5570]
Event: 0.160 Thread 0x00007fffbc003000   38       3       java.lang.ThreadLocal$ThreadLocalMap::access$000 (6 bytes)
Event: 0.161 Thread 0x00007fffbc003000 nmethod 38 0x00007fb3a32a55d0 code [0x00007fb3a32a5740, 0x00007fb3a32a58a8]
Event: 0.161 Thread 0x00007fffbc003000   37  s    1       java.util.Vector::size (5 bytes)
Event: 0.161 Thread 0x00007fffbc003000 nmethod 37 0x00007fb3a32a5990 code [0x00007fb3a32a5ae0, 0x00007fb3a32a5d50]
Event: 0.161 Thread 0x00007fffbc003000   39       3       java.lang.String::startsWith (72 bytes)
Event: 0.162 Thread 0x00007fffbc003000 nmethod 39 0x00007fb3a32a5dd0 code [0x00007fb3a32a5f40, 0x00007fb3a32a6270]
Event: 0.163 Thread 0x00007fffbc003000   40       1       java.util.ArrayList::size (5 bytes)

GC Heap History (0 events):
No events

Deoptimization events (0 events):
No events

Classes redefined (0 events):
No events

Internal exceptions (9 events):
Event: 0.053 Thread 0x00007fffbbe8c800 Exception <a 'java/lang/NoSuchMethodError': Method sun.misc.Unsafe.defineClass(Ljava/lang/String;[BII)Ljava/lang/Class; name or signature does not match> (0x0000000715e07cb0) thrown at [/build/openjdk-8-fPix8r/openjdk-8-8u212-b03/src/hotspot/src/share/vm/
Event: 0.053 Thread 0x00007fffbbe8c800 Exception <a 'java/lang/NoSuchMethodError': Method sun.misc.Unsafe.prefetchRead(Ljava/lang/Object;J)V name or signature does not match> (0x0000000715e07f98) thrown at [/build/openjdk-8-fPix8r/openjdk-8-8u212-b03/src/hotspot/src/share/vm/prims/jni.cpp, lin
Event: 0.136 Thread 0x00007fffbbe8c800 Exception <a 'java/util/zip/ZipException'> (0x0000000715e64e58) thrown at [/build/openjdk-8-fPix8r/openjdk-8-8u212-b03/src/hotspot/src/share/vm/prims/jni.cpp, line 710]
Event: 0.136 Thread 0x00007fffbbe8c800 Exception <a 'java/security/PrivilegedActionException'> (0x0000000715e650f8) thrown at [/build/openjdk-8-fPix8r/openjdk-8-8u212-b03/src/hotspot/src/share/vm/prims/jvm.cpp, line 1502]
Event: 0.136 Thread 0x00007fffbbe8c800 Exception <a 'java/security/PrivilegedActionException'> (0x0000000715e65308) thrown at [/build/openjdk-8-fPix8r/openjdk-8-8u212-b03/src/hotspot/src/share/vm/prims/jvm.cpp, line 1502]
Event: 0.142 Thread 0x00007fffbbe8c800 Exception <a 'java/security/PrivilegedActionException'> (0x0000000715e6e020) thrown at [/build/openjdk-8-fPix8r/openjdk-8-8u212-b03/src/hotspot/src/share/vm/prims/jvm.cpp, line 1502]
Event: 0.142 Thread 0x00007fffbbe8c800 Exception <a 'java/security/PrivilegedActionException'> (0x0000000715e6e230) thrown at [/build/openjdk-8-fPix8r/openjdk-8-8u212-b03/src/hotspot/src/share/vm/prims/jvm.cpp, line 1502]
Event: 0.162 Thread 0x00007fffbbe8c800 Exception <a 'java/lang/NoClassDefFoundError': org/apache/jcc/PythonException> (0x0000000715e956b8) thrown at [/build/openjdk-8-fPix8r/openjdk-8-8u212-b03/src/hotspot/src/share/vm/classfile/systemDictionary.cpp, line 199]
Event: 0.163 Thread 0x00007fffbbe8c800 Exception <a 'java/lang/NoClassDefFoundError': org/apache/jcc/PythonException> (0x0000000715e99590) thrown at [/build/openjdk-8-fPix8r/openjdk-8-8u212-b03/src/hotspot/src/share/vm/classfile/systemDictionary.cpp, line 199]

Events (10 events):
Event: 0.136 loading class java/io/IOException done
Event: 0.136 loading class java/util/zip/ZipException done
Event: 0.136 loading class java/security/PrivilegedActionException
Event: 0.136 loading class java/security/PrivilegedActionException done
Event: 0.142 loading class java/io/FileNotFoundException
Event: 0.142 loading class java/io/FileNotFoundException done
Event: 0.162 loading class java/util/concurrent/ConcurrentHashMap$ForwardingNode
Event: 0.162 loading class java/util/concurrent/ConcurrentHashMap$ForwardingNode done
Event: 0.162 loading class org/apache/jcc/PythonException
Event: 0.162 loading class org/apache/jcc/PythonException done


Dynamic libraries:
5c1a00000-5d6f80000 rw-p 00000000 00:00 0
5d6f80000-715e00000 ---p 00000000 00:00 0
715e00000-720880000 rw-p 00000000 00:00 0
720880000-7c0000000 ---p 00000000 00:00 0
7c0000000-7c0060000 rw-p 00000000 00:00 0
7c0060000-800000000 ---p 00000000 00:00 0
7fb350000000-7fb350021000 rw-p 00000000 00:00 0
7fb350021000-7fb354000000 ---p 00000000 00:00 0
7fb358000000-7fb358027000 rw-p 00000000 00:00 0
7fb358027000-7fb35c000000 ---p 00000000 00:00 0
7fb35c000000-7fb35c021000 rw-p 00000000 00:00 0
7fb35c021000-7fb360000000 ---p 00000000 00:00 0
7fb360000000-7fb36003e000 rw-p 00000000 00:00 0
7fb36003e000-7fb364000000 ---p 00000000 00:00 0
7fb364000000-7fb364021000 rw-p 00000000 00:00 0
7fb364021000-7fb368000000 ---p 00000000 00:00 0
7fb368000000-7fb368021000 rw-p 00000000 00:00 0
7fb368021000-7fb36c000000 ---p 00000000 00:00 0
7fb36c000000-7fb36c021000 rw-p 00000000 00:00 0
7fb36c021000-7fb370000000 ---p 00000000 00:00 0
7fb370000000-7fb370021000 rw-p 00000000 00:00 0
7fb370021000-7fb374000000 ---p 00000000 00:00 0
7fb3740d0000-7fb384021000 rw-p 00000000 00:00 0
7fb384021000-7fb388000000 ---p 00000000 00:00 0
7fb388000000-7fb388021000 rw-p 00000000 00:00 0
7fb388021000-7fb38c000000 ---p 00000000 00:00 0
7fb38c000000-7fb38c021000 rw-p 00000000 00:00 0
7fb38c021000-7fb390000000 ---p 00000000 00:00 0
7fb394000000-7fb394021000 rw-p 00000000 00:00 0
7fb394021000-7fb398000000 ---p 00000000 00:00 0
7fb3997e4000-7fb3997fc000 r--s 00103000 00:00 8101233            /usr/local/lib/python2.7/dist-packages/lucene-7.7.1-py2.7-linux-x86_64.egg/lucene/hppc-0.8.1.jar
7fb3997fc000-7fb39980e000 r--s 00185000 00:00 8101234            /usr/local/lib/python2.7/dist-packages/lucene-7.7.1-py2.7-linux-x86_64.egg/lucene/lucene-analyzers-common-7.7.1.jar
7fb39980e000-7fb399840000 r--s 002c1000 00:00 8101237            /usr/local/lib/python2.7/dist-packages/lucene-7.7.1-py2.7-linux-x86_64.egg/lucene/lucene-core-7.7.1.jar
7fb399840000-7fb399841000 ---p 00000000 00:00 0
7fb399841000-7fb399941000 rw-p 00000000 00:00 0
7fb399950000-7fb399953000 ---p 00000000 00:00 0
7fb399953000-7fb399a51000 rw-p 00000000 00:00 0
7fb399a60000-7fb399a64000 ---p 00000000 00:00 0
7fb399a64000-7fb399b61000 rw-p 00000000 00:00 0
7fb399b70000-7fb399b74000 ---p 00000000 00:00 0
7fb399b74000-7fb399c71000 rw-p 00000000 00:00 0
7fb399c80000-7fb399c84000 ---p 00000000 00:00 0
7fb399c84000-7fb399d81000 rw-p 00000000 00:00 0
7fb399d90000-7fb399d93000 ---p 00000000 00:00 0
7fb399d93000-7fb399e91000 rw-p 00000000 00:00 0
7fb399e9d000-7fb39a010000 r--p 00000000 00:00 7471365            /usr/lib/locale/C.UTF-8/LC_COLLATE
7fb39a010000-7fb39a013000 ---p 00000000 00:00 0
7fb39a013000-7fb39a111000 rw-p 00000000 00:00 0
7fb39a120000-7fb39a123000 ---p 00000000 00:00 0
7fb39a123000-7fb39a221000 rw-p 00000000 00:00 0
7fb39a230000-7fb39a231000 ---p 00000000 00:00 0
7fb39a231000-7fb39a331000 rw-p 00000000 00:00 0
7fb39a340000-7fb39a441000 rw-p 00000000 00:00 0
7fb39a450000-7fb39a551000 rw-p 00000000 00:00 0
7fb39a560000-7fb39a661000 rw-p 00000000 00:00 0
7fb39a670000-7fb39a771000 rw-p 00000000 00:00 0
7fb39a780000-7fb39a881000 rw-p 00000000 00:00 0
7fb39a890000-7fb39a991000 rw-p 00000000 00:00 0
7fb39a9a0000-7fb39aaa1000 rw-p 00000000 00:00 0
7fb39aab0000-7fb39abb1000 rw-p 00000000 00:00 0
7fb39abc0000-7fb39acc1000 rw-p 00000000 00:00 0
7fb39acd0000-7fb39add1000 rw-p 00000000 00:00 0
7fb39ade0000-7fb39aee1000 rw-p 00000000 00:00 0
7fb39aef0000-7fb39aff1000 rw-p 00000000 00:00 0
7fb39b000000-7fb39bff3000 rw-p 00000000 00:00 0
7fb39c000000-7fb39c021000 rw-p 00000000 00:00 0
7fb39c021000-7fb3a0000000 ---p 00000000 00:00 0
7fb3a0010000-7fb3a0111000 rw-p 00000000 00:00 0
7fb3a0120000-7fb3a0221000 rw-p 00000000 00:00 0
7fb3a0230000-7fb3a0331000 rw-p 00000000 00:00 0
7fb3a0340000-7fb3a038e000 rw-p 00000000 00:00 0
7fb3a0391000-7fb3a0560000 r--s 03c3b000 00:00 8067012            /usr/lib/jvm/java-8-openjdk-amd64/jre/lib/rt.jar
7fb3a0560000-7fb3a05d6000 rw-p 00000000 00:00 0
7fb3a05e0000-7fb3a063b000 rw-p 00000000 00:00 0
7fb3a0640000-7fb3a0a40000 rw-p 00000000 00:00 0
7fb3a0a40000-7fb3a0e40000 ---p 00000000 00:00 0
7fb3a0e40000-7fb3a0ee0000 rw-p 00000000 00:00 0
7fb3a0ee0000-7fb3a0ee1000 ---p 00000000 00:00 0
7fb3a0ee1000-7fb3a0fe1000 rw-p 00000000 00:00 0
7fb3a0ff0000-7fb3a0ff1000 ---p 00000000 00:00 0
7fb3a0ff1000-7fb3a10f1000 rw-p 00000000 00:00 0
7fb3a1100000-7fb3a1101000 ---p 00000000 00:00 0
7fb3a1101000-7fb3a1201000 rw-p 00000000 00:00 0
7fb3a1210000-7fb3a1211000 ---p 00000000 00:00 0
7fb3a1211000-7fb3a1311000 rw-p 00000000 00:00 0
7fb3a1320000-7fb3a13cb000 rw-p 00000000 00:00 0
7fb3a13cb000-7fb3a1dc2000 ---p 00000000 00:00 0
7fb3a1dd0000-7fb3a1e7b000 rw-p 00000000 00:00 0
7fb3a1e7b000-7fb3a2872000 ---p 00000000 00:00 0
7fb3a2872000-7fb3a28c8000 rw-p 00000000 00:00 0
7fb3a28c8000-7fb3a2dc3000 ---p 00000000 00:00 0
7fb3a2dc3000-7fb3a2dc4000 rw-p 00000000 00:00 0
7fb3a2dd0000-7fb3a2dda000 rw-p 00000000 00:00 0
7fb3a2dda000-7fb3a3190000 ---p 00000000 00:00 0
7fb3a3190000-7fb3a3400000 rwxp 00000000 00:00 0
7fb3a3400000-7fb3b2190000 ---p 00000000 00:00 0
7fb3b2190000-7fb3b2198000 r-xp 00000000 00:00 8066969            /usr/lib/jvm/java-8-openjdk-amd64/jre/lib/amd64/libzip.so
7fb3b2198000-7fb3b2199000 ---p 00008000 00:00 8066969            /usr/lib/jvm/java-8-openjdk-amd64/jre/lib/amd64/libzip.so
7fb3b2199000-7fb3b2397000 ---p 00000009 00:00 8066969            /usr/lib/jvm/java-8-openjdk-amd64/jre/lib/amd64/libzip.so
7fb3b2397000-7fb3b2398000 r--p 00007000 00:00 8066969            /usr/lib/jvm/java-8-openjdk-amd64/jre/lib/amd64/libzip.so
7fb3b2398000-7fb3b2399000 rw-p 00008000 00:00 8066969            /usr/lib/jvm/java-8-openjdk-amd64/jre/lib/amd64/libzip.so
7fb3b23a0000-7fb3b23ab000 r-xp 00000000 00:00 7417226            /lib/x86_64-linux-gnu/libnss_files-2.27.so
7fb3b23ab000-7fb3b23ac000 ---p 0000b000 00:00 7417226            /lib/x86_64-linux-gnu/libnss_files-2.27.so
7fb3b23ac000-7fb3b25aa000 ---p 0000000c 00:00 7417226            /lib/x86_64-linux-gnu/libnss_files-2.27.so
7fb3b25aa000-7fb3b25ab000 r--p 0000a000 00:00 7417226            /lib/x86_64-linux-gnu/libnss_files-2.27.so
7fb3b25ab000-7fb3b25ac000 rw-p 0000b000 00:00 7417226            /lib/x86_64-linux-gnu/libnss_files-2.27.so
7fb3b25ac000-7fb3b25b2000 rw-p 00000000 00:00 0
7fb3b25c0000-7fb3b25d7000 r-xp 00000000 00:00 7417219            /lib/x86_64-linux-gnu/libnsl-2.27.so
7fb3b25d7000-7fb3b25d8000 ---p 00017000 00:00 7417219            /lib/x86_64-linux-gnu/libnsl-2.27.so
7fb3b25d8000-7fb3b27d6000 ---p 00000018 00:00 7417219            /lib/x86_64-linux-gnu/libnsl-2.27.so
7fb3b27d6000-7fb3b27d7000 r--p 00016000 00:00 7417219            /lib/x86_64-linux-gnu/libnsl-2.27.so
7fb3b27d7000-7fb3b27d8000 rw-p 00017000 00:00 7417219            /lib/x86_64-linux-gnu/libnsl-2.27.so
7fb3b27d8000-7fb3b27da000 rw-p 00000000 00:00 0
7fb3b27e0000-7fb3b27eb000 r-xp 00000000 00:00 7417230            /lib/x86_64-linux-gnu/libnss_nis-2.27.so
7fb3b27eb000-7fb3b27ec000 ---p 0000b000 00:00 7417230            /lib/x86_64-linux-gnu/libnss_nis-2.27.so
7fb3b27ec000-7fb3b29ea000 ---p 0000000c 00:00 7417230            /lib/x86_64-linux-gnu/libnss_nis-2.27.so
7fb3b29ea000-7fb3b29eb000 r--p 0000a000 00:00 7417230            /lib/x86_64-linux-gnu/libnss_nis-2.27.so
7fb3b29eb000-7fb3b29ec000 rw-p 0000b000 00:00 7417230            /lib/x86_64-linux-gnu/libnss_nis-2.27.so
7fb3b29f0000-7fb3b29f8000 r-xp 00000000 00:00 7417221            /lib/x86_64-linux-gnu/libnss_compat-2.27.so
7fb3b29f8000-7fb3b29fa000 ---p 00008000 00:00 7417221            /lib/x86_64-linux-gnu/libnss_compat-2.27.so
7fb3b29fa000-7fb3b2bf8000 ---p 0000000a 00:00 7417221            /lib/x86_64-linux-gnu/libnss_compat-2.27.so
7fb3b2bf8000-7fb3b2bf9000 r--p 00008000 00:00 7417221            /lib/x86_64-linux-gnu/libnss_compat-2.27.so
7fb3b2bf9000-7fb3b2bfa000 rw-p 00009000 00:00 7417221            /lib/x86_64-linux-gnu/libnss_compat-2.27.so
7fb3b2c00000-7fb3b2c2c000 r-xp 00000000 00:00 8066950            /usr/lib/jvm/java-8-openjdk-amd64/jre/lib/amd64/libjava.so
7fb3b2c2c000-7fb3b2c2e000 ---p 0002c000 00:00 8066950            /usr/lib/jvm/java-8-openjdk-amd64/jre/lib/amd64/libjava.so
7fb3b2c2e000-7fb3b2e2b000 ---p 0000002e 00:00 8066950            /usr/lib/jvm/java-8-openjdk-amd64/jre/lib/amd64/libjava.so
7fb3b2e2b000-7fb3b2e2c000 r--p 0002b000 00:00 8066950            /usr/lib/jvm/java-8-openjdk-amd64/jre/lib/amd64/libjava.so
7fb3b2e2c000-7fb3b2e2e000 rw-p 0002c000 00:00 8066950            /usr/lib/jvm/java-8-openjdk-amd64/jre/lib/amd64/libjava.so
7fb3b2e30000-7fb3b2e40000 r-xp 00000000 00:00 8066968            /usr/lib/jvm/java-8-openjdk-amd64/jre/lib/amd64/libverify.so
7fb3b2e40000-7fb3b2e42000 ---p 00010000 00:00 8066968            /usr/lib/jvm/java-8-openjdk-amd64/jre/lib/amd64/libverify.so
7fb3b2e42000-7fb3b303f000 ---p 00000012 00:00 8066968            /usr/lib/jvm/java-8-openjdk-amd64/jre/lib/amd64/libverify.so
7fb3b303f000-7fb3b3041000 r--p 0000f000 00:00 8066968            /usr/lib/jvm/java-8-openjdk-amd64/jre/lib/amd64/libverify.so
7fb3b3041000-7fb3b3042000 rw-p 00011000 00:00 8066968            /usr/lib/jvm/java-8-openjdk-amd64/jre/lib/amd64/libverify.so
7fb3b3050000-7fb3b3057000 r-xp 00000000 00:00 7417720            /lib/x86_64-linux-gnu/librt-2.27.so
7fb3b3057000-7fb3b3058000 ---p 00007000 00:00 7417720            /lib/x86_64-linux-gnu/librt-2.27.so
7fb3b3058000-7fb3b3256000 ---p 00000008 00:00 7417720            /lib/x86_64-linux-gnu/librt-2.27.so
7fb3b3256000-7fb3b3257000 r--p 00006000 00:00 7417720            /lib/x86_64-linux-gnu/librt-2.27.so
7fb3b3257000-7fb3b3258000 rw-p 00007000 00:00 7417720            /lib/x86_64-linux-gnu/librt-2.27.so
7fb3b3260000-7fb3b32cb000 r-xp 00000000 00:00 8108733            /usr/local/lib/python2.7/dist-packages/JCC-2.18-py2.7-linux-x86_64.egg/jcc/_jcc.so
7fb3b32cb000-7fb3b32e9000 ---p 0006b000 00:00 8108733            /usr/local/lib/python2.7/dist-packages/JCC-2.18-py2.7-linux-x86_64.egg/jcc/_jcc.so
7fb3b32e9000-7fb3b34ca000 ---p 00000089 00:00 8108733            /usr/local/lib/python2.7/dist-packages/JCC-2.18-py2.7-linux-x86_64.egg/jcc/_jcc.so
7fb3b34ca000-7fb3b34cc000 r--p 0006a000 00:00 8108733            /usr/local/lib/python2.7/dist-packages/JCC-2.18-py2.7-linux-x86_64.egg/jcc/_jcc.so
7fb3b34cc000-7fb3b34d2000 rw-p 0006c000 00:00 8108733            /usr/local/lib/python2.7/dist-packages/JCC-2.18-py2.7-linux-x86_64.egg/jcc/_jcc.so
7fb3b34d2000-7fb3b34d4000 rw-p 00000000 00:00 0
7fb3b34e0000-7fb3b37e0000 rw-p 00000000 00:00 0
7fb3b37e0000-7fb3b3ac2000 r-xp 00000000 00:00 7932009            /usr/lib/x86_64-linux-gnu/libpython2.7.so.1.0
7fb3b3ac2000-7fb3b3b3a000 ---p 002e2000 00:00 7932009            /usr/lib/x86_64-linux-gnu/libpython2.7.so.1.0
7fb3b3b3a000-7fb3b3cc1000 ---p 0000035a 00:00 7932009            /usr/lib/x86_64-linux-gnu/libpython2.7.so.1.0
7fb3b3cc1000-7fb3b3cc3000 r--p 002e1000 00:00 7932009            /usr/lib/x86_64-linux-gnu/libpython2.7.so.1.0
7fb3b3cc3000-7fb3b3d3a000 rw-p 002e3000 00:00 7932009            /usr/lib/x86_64-linux-gnu/libpython2.7.so.1.0
7fb3b3d3a000-7fb3b3d5d000 rw-p 00000000 00:00 0
7fb3b3d60000-7fb3b49fd000 r-xp 00000000 00:00 8066972            /usr/lib/jvm/java-8-openjdk-amd64/jre/lib/amd64/server/libjvm.so
7fb3b49fd000-7fb3b4ac7000 ---p 00c9d000 00:00 8066972            /usr/lib/jvm/java-8-openjdk-amd64/jre/lib/amd64/server/libjvm.so
7fb3b4ac7000-7fb3b4bfc000 ---p 00000d67 00:00 8066972            /usr/lib/jvm/java-8-openjdk-amd64/jre/lib/amd64/server/libjvm.so
7fb3b4bfc000-7fb3b4c90000 r--p 00c9c000 00:00 8066972            /usr/lib/jvm/java-8-openjdk-amd64/jre/lib/amd64/server/libjvm.so
7fb3b4c90000-7fb3b4cb9000 rw-p 00d30000 00:00 8066972            /usr/lib/jvm/java-8-openjdk-amd64/jre/lib/amd64/server/libjvm.so
7fb3b4cb9000-7fb3b4ce9000 rw-p 00000000 00:00 0
7fb3b4cf0000-7fb3b4d07000 r-xp 00000000 00:00 7417168            /lib/x86_64-linux-gnu/libgcc_s.so.1
7fb3b4d07000-7fb3b4d08000 ---p 00017000 00:00 7417168            /lib/x86_64-linux-gnu/libgcc_s.so.1
7fb3b4d08000-7fb3b4f06000 ---p 00000018 00:00 7417168            /lib/x86_64-linux-gnu/libgcc_s.so.1
7fb3b4f06000-7fb3b4f07000 r--p 00016000 00:00 7417168            /lib/x86_64-linux-gnu/libgcc_s.so.1
7fb3b4f07000-7fb3b4f08000 rw-p 00017000 00:00 7417168            /lib/x86_64-linux-gnu/libgcc_s.so.1
7fb3b4f10000-7fb3b5089000 r-xp 00000000 00:00 7481466            /usr/lib/x86_64-linux-gnu/libstdc++.so.6.0.25
7fb3b5089000-7fb3b5096000 ---p 00179000 00:00 7481466            /usr/lib/x86_64-linux-gnu/libstdc++.so.6.0.25
7fb3b5096000-7fb3b5289000 ---p 00000186 00:00 7481466            /usr/lib/x86_64-linux-gnu/libstdc++.so.6.0.25
7fb3b5289000-7fb3b5293000 r--p 00179000 00:00 7481466            /usr/lib/x86_64-linux-gnu/libstdc++.so.6.0.25
7fb3b5293000-7fb3b5295000 rw-p 00183000 00:00 7481466            /usr/lib/x86_64-linux-gnu/libstdc++.so.6.0.25
7fb3b5295000-7fb3b5299000 rw-p 00000000 00:00 0
7fb3b52a0000-7fb3b52af000 r-xp 00000000 00:00 8088779            /usr/local/lib/python2.7/dist-packages/JCC-3.5-py2.7-linux-x86_64.egg/libjcc2.so
7fb3b52af000-7fb3b52b5000 ---p 0000f000 00:00 8088779            /usr/local/lib/python2.7/dist-packages/JCC-3.5-py2.7-linux-x86_64.egg/libjcc2.so
7fb3b52b5000-7fb3b54ae000 ---p 00000015 00:00 8088779            /usr/local/lib/python2.7/dist-packages/JCC-3.5-py2.7-linux-x86_64.egg/libjcc2.so
7fb3b54ae000-7fb3b54af000 r--p 0000e000 00:00 8088779            /usr/local/lib/python2.7/dist-packages/JCC-3.5-py2.7-linux-x86_64.egg/libjcc2.so
7fb3b54af000-7fb3b54b0000 rw-p 0000f000 00:00 8088779            /usr/local/lib/python2.7/dist-packages/JCC-3.5-py2.7-linux-x86_64.egg/libjcc2.so
7fb3b54bd000-7fb3b6f39000 r-xp 00000000 00:00 8101226            /usr/local/lib/python2.7/dist-packages/lucene-7.7.1-py2.7-linux-x86_64.egg/lucene/_lucene.so
7fb3b6f39000-7fb3b7138000 ---p 01a7c000 00:00 8101226            /usr/local/lib/python2.7/dist-packages/lucene-7.7.1-py2.7-linux-x86_64.egg/lucene/_lucene.so
7fb3b7138000-7fb3b7171000 r--p 01a7b000 00:00 8101226            /usr/local/lib/python2.7/dist-packages/lucene-7.7.1-py2.7-linux-x86_64.egg/lucene/_lucene.so
7fb3b7171000-7fb3b72ef000 rw-p 01ab4000 00:00 8101226            /usr/local/lib/python2.7/dist-packages/lucene-7.7.1-py2.7-linux-x86_64.egg/lucene/_lucene.so
7fb3b72ef000-7fb3b73c1000 rw-p 00000000 00:00 0
7fb3b73d0000-7fb3b7410000 rw-p 00000000 00:00 0
7fb3b7410000-7fb3b741f000 r-xp 00000000 00:00 7934902            /usr/lib/python2.7/lib-dynload/_json.x86_64-linux-gnu.so
7fb3b741f000-7fb3b7421000 ---p 0000f000 00:00 7934902            /usr/lib/python2.7/lib-dynload/_json.x86_64-linux-gnu.so
7fb3b7421000-7fb3b761e000 ---p 00000011 00:00 7934902            /usr/lib/python2.7/lib-dynload/_json.x86_64-linux-gnu.so
7fb3b761e000-7fb3b761f000 r--p 0000e000 00:00 7934902            /usr/lib/python2.7/lib-dynload/_json.x86_64-linux-gnu.so
7fb3b761f000-7fb3b7620000 rw-p 0000f000 00:00 7934902            /usr/lib/python2.7/lib-dynload/_json.x86_64-linux-gnu.so
7fb3b7620000-7fb3b7660000 rw-p 00000000 00:00 0
7fb3b7665000-7fb3b7800000 r--p 00000000 00:00 7471431            /usr/lib/locale/locale-archive
7fb3b7800000-7fb3b799d000 r-xp 00000000 00:00 7417197            /lib/x86_64-linux-gnu/libm-2.27.so
7fb3b799d000-7fb3b79a0000 ---p 0019d000 00:00 7417197            /lib/x86_64-linux-gnu/libm-2.27.so
7fb3b79a0000-7fb3b7b9c000 ---p 000001a0 00:00 7417197            /lib/x86_64-linux-gnu/libm-2.27.so
7fb3b7b9c000-7fb3b7b9d000 r--p 0019c000 00:00 7417197            /lib/x86_64-linux-gnu/libm-2.27.so
7fb3b7b9d000-7fb3b7b9e000 rw-p 0019d000 00:00 7417197            /lib/x86_64-linux-gnu/libm-2.27.so
7fb3b7ba0000-7fb3b7bbc000 r-xp 00000000 00:00 7448845            /lib/x86_64-linux-gnu/libz.so.1.2.11
7fb3b7bbc000-7fb3b7bbd000 ---p 0001c000 00:00 7448845            /lib/x86_64-linux-gnu/libz.so.1.2.11
7fb3b7bbd000-7fb3b7dbb000 ---p 0000001d 00:00 7448845            /lib/x86_64-linux-gnu/libz.so.1.2.11
7fb3b7dbb000-7fb3b7dbc000 r--p 0001b000 00:00 7448845            /lib/x86_64-linux-gnu/libz.so.1.2.11
7fb3b7dbc000-7fb3b7dbd000 rw-p 0001c000 00:00 7448845            /lib/x86_64-linux-gnu/libz.so.1.2.11
7fb3b7dc0000-7fb3b7dc2000 r-xp 00000000 00:00 7448746            /lib/x86_64-linux-gnu/libutil-2.27.so
7fb3b7dc2000-7fb3b7dc3000 ---p 00002000 00:00 7448746            /lib/x86_64-linux-gnu/libutil-2.27.so
7fb3b7dc3000-7fb3b7fc1000 ---p 00000003 00:00 7448746            /lib/x86_64-linux-gnu/libutil-2.27.so
7fb3b7fc1000-7fb3b7fc2000 r--p 00001000 00:00 7448746            /lib/x86_64-linux-gnu/libutil-2.27.so
7fb3b7fc2000-7fb3b7fc3000 rw-p 00002000 00:00 7448746            /lib/x86_64-linux-gnu/libutil-2.27.so
7fb3b7fd0000-7fb3b7fd3000 r-xp 00000000 00:00 7417144            /lib/x86_64-linux-gnu/libdl-2.27.so
7fb3b7fd3000-7fb3b7fd4000 ---p 00003000 00:00 7417144            /lib/x86_64-linux-gnu/libdl-2.27.so
7fb3b7fd4000-7fb3b81d2000 ---p 00000004 00:00 7417144            /lib/x86_64-linux-gnu/libdl-2.27.so
7fb3b81d2000-7fb3b81d3000 r--p 00002000 00:00 7417144            /lib/x86_64-linux-gnu/libdl-2.27.so
7fb3b81d3000-7fb3b81d4000 rw-p 00003000 00:00 7417144            /lib/x86_64-linux-gnu/libdl-2.27.so
7fb3b81da000-7fb3b81e0000 r--s 00044000 00:00 8101227            /usr/local/lib/python2.7/dist-packages/lucene-7.7.1-py2.7-linux-x86_64.egg/lucene/antlr4-runtime-4.5.1-1.jar
7fb3b81e0000-7fb3b81fa000 r-xp 00000000 00:00 7417644            /lib/x86_64-linux-gnu/libpthread-2.27.so
7fb3b81fa000-7fb3b8204000 ---p 0001a000 00:00 7417644            /lib/x86_64-linux-gnu/libpthread-2.27.so
7fb3b8204000-7fb3b83f9000 ---p 00000024 00:00 7417644            /lib/x86_64-linux-gnu/libpthread-2.27.so
7fb3b83f9000-7fb3b83fa000 r--p 00019000 00:00 7417644            /lib/x86_64-linux-gnu/libpthread-2.27.so
7fb3b83fa000-7fb3b83fb000 rw-p 0001a000 00:00 7417644            /lib/x86_64-linux-gnu/libpthread-2.27.so
7fb3b83fb000-7fb3b83ff000 rw-p 00000000 00:00 0
7fb3b8400000-7fb3b85e7000 r-xp 00000000 00:00 7417087            /lib/x86_64-linux-gnu/libc-2.27.so
7fb3b85e7000-7fb3b85f0000 ---p 001e7000 00:00 7417087            /lib/x86_64-linux-gnu/libc-2.27.so
7fb3b85f0000-7fb3b87e7000 ---p 000001f0 00:00 7417087            /lib/x86_64-linux-gnu/libc-2.27.so
7fb3b87e7000-7fb3b87eb000 r--p 001e7000 00:00 7417087            /lib/x86_64-linux-gnu/libc-2.27.so
7fb3b87eb000-7fb3b87ed000 rw-p 001eb000 00:00 7417087            /lib/x86_64-linux-gnu/libc-2.27.so
7fb3b87ed000-7fb3b87f1000 rw-p 00000000 00:00 0
7fb3b87f2000-7fb3b87f4000 r--s 0000a000 00:00 8101229            /usr/local/lib/python2.7/dist-packages/lucene-7.7.1-py2.7-linux-x86_64.egg/lucene/asm-commons-5.1.jar
7fb3b87f4000-7fb3b87f6000 r--s 0000c000 00:00 8101228            /usr/local/lib/python2.7/dist-packages/lucene-7.7.1-py2.7-linux-x86_64.egg/lucene/asm-5.1.jar
7fb3b87f6000-7fb3b87f9000 r--s 00015000 00:00 8101244            /usr/local/lib/python2.7/dist-packages/lucene-7.7.1-py2.7-linux-x86_64.egg/lucene/lucene-misc-7.7.1.jar
7fb3b87f9000-7fb3b87fc000 r--s 00468000 00:00 8101235            /usr/local/lib/python2.7/dist-packages/lucene-7.7.1-py2.7-linux-x86_64.egg/lucene/lucene-analyzers-kuromoji-7.7.1.jar
7fb3b87fc000-7fb3b8800000 r--s 00038000 00:00 8101248            /usr/local/lib/python2.7/dist-packages/lucene-7.7.1-py2.7-linux-x86_64.egg/lucene/lucene-suggest-7.7.1.jar
7fb3b8800000-7fb3b8826000 r-xp 00000000 00:00 7417007            /lib/x86_64-linux-gnu/ld-2.27.so
7fb3b8826000-7fb3b8827000 r-xp 00026000 00:00 7417007            /lib/x86_64-linux-gnu/ld-2.27.so
7fb3b8828000-7fb3b882a000 r--s 00010000 00:00 8101238            /usr/local/lib/python2.7/dist-packages/lucene-7.7.1-py2.7-linux-x86_64.egg/lucene/lucene-expressions-7.7.1.jar
7fb3b882a000-7fb3b8845000 r--s 001d6000 00:00 8066988            /usr/lib/jvm/java-8-openjdk-amd64/jre/lib/ext/nashorn.jar
7fb3b8845000-7fb3b8860000 r--s 00394000 00:00 8066983            /usr/lib/jvm/java-8-openjdk-amd64/jre/lib/ext/cldrdata.jar
7fb3b8860000-7fb3b88e0000 rw-p 00000000 00:00 0
7fb3b88e0000-7fb3b88e5000 r--s 0002f000 00:00 8101239            /usr/local/lib/python2.7/dist-packages/lucene-7.7.1-py2.7-linux-x86_64.egg/lucene/lucene-facet-7.7.1.jar
7fb3b88e5000-7fb3b88ef000 r--s 00054000 00:00 8101246            /usr/local/lib/python2.7/dist-packages/lucene-7.7.1-py2.7-linux-x86_64.egg/lucene/lucene-queryparser-7.7.1.jar
7fb3b88ef000-7fb3b8920000 r--p 00000000 00:00 7471391            /usr/lib/locale/C.UTF-8/LC_CTYPE
7fb3b8920000-7fb3b8a20000 rw-p 00000000 00:00 0
7fb3b8a20000-7fb3b8a24000 r--s 00020000 00:00 8101242            /usr/local/lib/python2.7/dist-packages/lucene-7.7.1-py2.7-linux-x86_64.egg/lucene/lucene-join-7.7.1.jar
7fb3b8a24000-7fb3b8a27000 r--s 00013000 00:00 8101240            /usr/local/lib/python2.7/dist-packages/lucene-7.7.1-py2.7-linux-x86_64.egg/lucene/lucene-grouping-7.7.1.jar
7fb3b8a27000-7fb3b8a28000 r--p 00027000 00:00 7417007            /lib/x86_64-linux-gnu/ld-2.27.so
7fb3b8a28000-7fb3b8a29000 rw-p 00028000 00:00 7417007            /lib/x86_64-linux-gnu/ld-2.27.so
7fb3b8a29000-7fb3b8a2a000 rw-p 00000000 00:00 0
7fb3b8a2a000-7fb3b8a30000 r--s 0003f000 00:00 8101247            /usr/local/lib/python2.7/dist-packages/lucene-7.7.1-py2.7-linux-x86_64.egg/lucene/lucene-sandbox-7.7.1.jar
7fb3b8a30000-7fb3b8a31000 rw-p 00000000 00:00 0
7fb3b8a32000-7fb3b8a34000 r--s 0007d000 00:00 8101236            /usr/local/lib/python2.7/dist-packages/lucene-7.7.1-py2.7-linux-x86_64.egg/lucene/lucene-analyzers-stempel-7.7.1.jar
7fb3b8a34000-7fb3b8a3b000 r--s 0003a000 00:00 8101245            /usr/local/lib/python2.7/dist-packages/lucene-7.7.1-py2.7-linux-x86_64.egg/lucene/lucene-queries-7.7.1.jar
7fb3b8a3b000-7fb3b8a40000 r--s 0002e000 00:00 8101241            /usr/local/lib/python2.7/dist-packages/lucene-7.7.1-py2.7-linux-x86_64.egg/lucene/lucene-highlighter-7.7.1.jar
7fb3b8a40000-7fb3b8a41000 r--p 00000000 00:00 0
7fb3b8a41000-7fb3b8a43000 r--s 00003000 00:00 8101232            /usr/local/lib/python2.7/dist-packages/lucene-7.7.1-py2.7-linux-x86_64.egg/lucene/extensions.jar
7fb3b8a43000-7fb3b8a45000 r--s 0000b000 00:00 8101243            /usr/local/lib/python2.7/dist-packages/lucene-7.7.1-py2.7-linux-x86_64.egg/lucene/lucene-memory-7.7.1.jar
7fb3b8a45000-7fb3b8a46000 r--s 00010000 00:00 8066992            /usr/lib/jvm/java-8-openjdk-amd64/jre/lib/ext/zipfs.jar
7fb3b8a46000-7fb3b8a49000 r--s 00039000 00:00 8066991            /usr/lib/jvm/java-8-openjdk-amd64/jre/lib/ext/sunpkcs11.jar
7fb3b8a49000-7fb3b8a4e000 r--s 0003c000 00:00 8066990            /usr/lib/jvm/java-8-openjdk-amd64/jre/lib/ext/sunjce_provider.jar
7fb3b8a4e000-7fb3b8a50000 r--s 00008000 00:00 8066989            /usr/lib/jvm/java-8-openjdk-amd64/jre/lib/ext/sunec.jar
7fb3b8a50000-7fb3b8ad3000 rw-p 00000000 00:00 0
7fb3b8ad3000-7fb3b8add000 r--s 00116000 00:00 8066987            /usr/lib/jvm/java-8-openjdk-amd64/jre/lib/ext/localedata.jar
7fb3b8add000-7fb3b8adf000 r--s 00007000 00:00 8068151            /usr/share/java/java-atk-wrapper.jar
7fb3b8adf000-7fb3b8ae0000 r--s 0000a000 00:00 8066986            /usr/lib/jvm/java-8-openjdk-amd64/jre/lib/ext/jaccess.jar
7fb3b8ae0000-7fb3b8ae2000 rw-p 00000000 00:00 0
7fb3b8ae2000-7fb3b8ae5000 r--s 0000f000 00:00 8066985            /usr/lib/jvm/java-8-openjdk-amd64/jre/lib/ext/icedtea-sound.jar
7fb3b8ae5000-7fb3b8ae7000 r--s 00001000 00:00 8066984            /usr/lib/jvm/java-8-openjdk-amd64/jre/lib/ext/dnsns.jar
7fb3b8ae7000-7fb3b8ae8000 r--p 00000000 00:00 7471424            /usr/lib/locale/C.UTF-8/LC_NUMERIC
7fb3b8ae8000-7fb3b8ae9000 r--p 00000000 00:00 7471429            /usr/lib/locale/C.UTF-8/LC_TIME
7fb3b8ae9000-7fb3b8aea000 r--p 00000000 00:00 7471419            /usr/lib/locale/C.UTF-8/LC_MONETARY
7fb3b8aea000-7fb3b8aeb000 r--p 00000000 00:00 7471416            /usr/lib/locale/C.UTF-8/LC_MESSAGES/SYS_LC_MESSAGES
7fb3b8aeb000-7fb3b8aec000 r--p 00000000 00:00 7471425            /usr/lib/locale/C.UTF-8/LC_PAPER
7fb3b8aec000-7fb3b8aed000 r--p 00000000 00:00 7471421            /usr/lib/locale/C.UTF-8/LC_NAME
7fb3b8aed000-7fb3b8aee000 r--p 00000000 00:00 7471361            /usr/lib/locale/C.UTF-8/LC_ADDRESS
7fb3b8aee000-7fb3b8aef000 r--p 00000000 00:00 7471426            /usr/lib/locale/C.UTF-8/LC_TELEPHONE
7fb3b8aef000-7fb3b8af0000 r--p 00000000 00:00 7471396            /usr/lib/locale/C.UTF-8/LC_MEASUREMENT
7fb3b8af0000-7fb3b8af2000 rw-p 00000000 00:00 0
7fb3b8af2000-7fb3b8af3000 r--p 00000000 00:00 7471393            /usr/lib/locale/C.UTF-8/LC_IDENTIFICATION
7fb3b8af3000-7fb3b8afb000 rw-s 00000000 00:00 8104469            /tmp/hsperfdata_negar/16664
7fb3b8afb000-7fb3b8b02000 r--s 00000000 00:00 7480668            /usr/lib/x86_64-linux-gnu/gconv/gconv-modules.cache
7fb3b8c00000-7fb3b8f00000 r-xp 00000000 00:00 7933020            /usr/bin/python2.7
7fb3b8f00000-7fb3b8f01000 r-xp 00300000 00:00 7933020            /usr/bin/python2.7
7fb3b9100000-7fb3b9102000 r--p 00300000 00:00 7933020            /usr/bin/python2.7
7fb3b9102000-7fb3b9178000 rw-p 00302000 00:00 7933020            /usr/bin/python2.7
7fb3b9178000-7fb3b919c000 rw-p 00000000 00:00 0
7fffbbb48000-7fffbc188000 rw-p 00000000 00:00 0                  [heap]
7fffc2c2b000-7fffc332b000 rw-p 00000000 00:00 0                  [stack]
7fffc332b000-7fffc332e000 ---p 00000000 00:00 0
7fffc332e000-7fffc342b000 rw-p 00000000 00:00 0
7fffc3c07000-7fffc3c08000 r-xp 00000000 00:00 0                  [vdso]

VM Arguments:
jvm_args: -Djava.awt.headless=true 
java_command: <unknown>
java_class_path (initial): /usr/local/lib/python2.7/dist-packages/JCC-2.18-py2.7-linux-x86_64.egg/jcc/classes:/usr/local/lib/python2.7/dist-packages/lucene-7.7.1-py2.7-linux-x86_64.egg/lucene/lucene-core-7.7.1.jar:/usr/local/lib/python2.7/dist-packages/lucene-7.7.1-py2.7-linux-x86_64.egg/lucene/lucene-analyzers-common-7.7.1.jar:/usr/local/lib/python2.7/dist-packages/lucene-7.7.1-py2.7-linux-x86_64.egg/lucene/lucene-memory-7.7.1.jar:/usr/local/lib/python2.7/dist-packages/lucene-7.7.1-py2.7-linux-x86_64.egg/lucene/lucene-highlighter-7.7.1.jar:/usr/local/lib/python2.7/dist-packages/lucene-7.7.1-py2.7-linux-x86_64.egg/lucene/extensions.jar:/usr/local/lib/python2.7/dist-packages/lucene-7.7.1-py2.7-linux-x86_64.egg/lucene/lucene-queries-7.7.1.jar:/usr/local/lib/python2.7/dist-packages/lucene-7.7.1-py2.7-linux-x86_64.egg/lucene/lucene-queryparser-7.7.1.jar:/usr/local/lib/python2.7/dist-packages/lucene-7.7.1-py2.7-linux-x86_64.egg/lucene/lucene-sandbox-7.7.1.jar:/usr/local/lib/python2.7/dist-packages/lucene-7.7.1-py2.7-linux-x86_64.egg/lucene/lucene-analyzers-stempel-7.7.1.jar:/usr/local/lib/python2.7/dist-packages/lucene-7.7.1-py2.7-linux-x86_64.egg/lucene/lucene-grouping-7.7.1.jar:/usr/local/lib/python2.7/dist-packages/lucene-7.7.1-py2.7-linux-x86_64.egg/lucene/lucene-join-7.7.1.jar:/usr/local/lib/python2.7/dist-packages/lucene-7.7.1-py2.7-linux-x86_64.egg/lucene/lucene-facet-7.7.1.jar:/usr/local/lib/python2.7/dist-packages/lucene-7.7.1-py2.7-linux-x86_64.egg/lucene/lucene-suggest-7.7.1.jar:/usr/local/lib/python2.7/dist-packages/lucene-7.7.1-py2.7-linux-x86_64.egg/lucene/lucene-expressions-7.7.1.jar:/usr/local/lib/python2.7/dist-packages/lucene-7.7.1-py2.7-linux-x86_64.egg/lucene/lucene-analyzers-kuromoji-7.7.1.jar:/usr/local/lib/python2.7/dist-packages/lucene-7.7.1-py2.7-linux-x86_64.egg/lucene/lucene-misc-7.7.1.jar:/usr/local/lib/python2.7/dist-packages/lucene-7.7.1-py2.7-linux-x86_64.egg/lucene/antlr4-runtime-4.5.1-1.jar:/usr/local/lib/python2.7/dist-packages/lucene-
Launcher Type: generic

Environment Variables:
PATH=/usr/local/sbin:/usr/local/bin:/usr/sbin:/usr/bin:/sbin:/bin:/usr/games:/usr/local/games:/mnt/c/Program Files/WindowsApps/CanonicalGroupLimited.UbuntuonWindows_1804.2019.521.0_x64__79rhkp1fndgsc:/mnt/c/ProgramData/DockerDesktop/version-bin:/mnt/c/Program Files/Docker/Docker/resources/bin:/mnt/c/Windows/System32:/mnt/c/Windows:/mnt/c/Windows/System32/wbem:/mnt/c/Windows/System32/WindowsPowerShell/v1.0:/mnt/c/Program Files/MATLAB/R2016b/runtime/win64:/mnt/c/Program Files/MATLAB/R2016b/bin:/mnt/c/Program Files/MATLAB/R2016b/polyspace/bin:/mnt/c/Windows/System32/OpenSSH:/mnt/c/Program Files/PuTTY:/mnt/c/Users/narabzad/PycharmProjects/untitled2/venv/Scripts:/mnt/c/Program Files (x86)/Java/jdk1.8.0_211/lib:/mnt/c/Users/narabzad/PycharmProjects/untitled2/venv/Lib/site-packages:/mnt/c/Program Files (x86)/Bitvise SSH Client:/mnt/c/Program Files (x86)/Java/jdk1.8.0_211/bin:/mnt/c/Program Files/PowerShell/6:/mnt/c/ProgramData/chocolatey/bin:/mnt/c/Users/narabzad/PycharmProjects/EntityLinkingRetrieval-ELR-master/apache-ant-1.9.14/bin:/mnt/c/Users/narabzad/PycharmProjects/pylucene-7.5.0-src/apache-ant-1.10.6/bin:/mnt/c/cygwin64/bin:/mnt/c/Program Files (x86)/Java/jre1.8.0_211/bin/client:/mnt/c/Program Files (x86)/Java/jre1.8.0_211/bin:/mnt/c/Program Files (x86)/Java/jdk1.8.0_211/lib:/mnt/c/Users/narabzad/AppData/Local/Microsoft/WindowsApps:/mnt/c/Python34/Scripts:/mnt/c/wget:/mnt/c/Users/narabzad/AppData/Local/Microsoft/WindowsApps:/mnt/c/Users/narabzad/PycharmProjects/Specificity of Neural Embeddings/L2R/apache-maven-3.6.0/bin:/mnt/c/Users/narabzad/Documents/PowerShell/Scripts:/mnt/c/Users/narabzad/AppData/Local/Programs/EmEditor:/mnt/c/Users/narabzad/Anaconda3:/snap/bin
SHELL=/bin/bash
HOSTTYPE=x86_64

Signal Handlers:
SIGSEGV: [libjvm.so+0xab5000], sa_mask[0]=11111111111111111111111111111110, sa_flags=SA_RESTART|SA_SIGINFO
SIGBUS: [libjvm.so+0xab5000], sa_mask[0]=11111111111111111111111111111110, sa_flags=SA_RESTART|SA_SIGINFO
SIGFPE: [libjvm.so+0x8ea970], sa_mask[0]=11111111111111111111111111111110, sa_flags=SA_RESTART|SA_SIGINFO
SIGPIPE: [libjvm.so+0x8ea970], sa_mask[0]=11111111111111111111111111111110, sa_flags=SA_RESTART|SA_SIGINFO
SIGXFSZ: [libjvm.so+0x8ea970], sa_mask[0]=11111111111111111111111111111110, sa_flags=SA_RESTART|SA_SIGINFO
SIGILL: [libjvm.so+0x8ea970], sa_mask[0]=11111111111111111111111111111110, sa_flags=SA_RESTART|SA_SIGINFO
SIGUSR1: SIG_DFL, sa_mask[0]=00000000000000000000000000000000, sa_flags=none
SIGUSR2: [libjvm.so+0x8ea820], sa_mask[0]=00000000000000000000000000000000, sa_flags=SA_RESTART|SA_SIGINFO
SIGHUP: [libjvm.so+0x8eae90], sa_mask[0]=11111111111111111111111111111110, sa_flags=SA_RESTART|SA_SIGINFO
SIGINT: [libjvm.so+0x8eae90], sa_mask[0]=11111111111111111111111111111110, sa_flags=SA_RESTART|SA_SIGINFO
SIGTERM: [libjvm.so+0x8eae90], sa_mask[0]=11111111111111111111111111111110, sa_flags=SA_RESTART|SA_SIGINFO
SIGQUIT: [libjvm.so+0x8eae90], sa_mask[0]=11111111111111111111111111111110, sa_flags=SA_RESTART|SA_SIGINFO


---------------  S Y S T E M  ---------------

OS:DISTRIB_ID=Ubuntu
DISTRIB_RELEASE=18.04
DISTRIB_CODENAME=bionic
DISTRIB_DESCRIPTION="Ubuntu 18.04.2 LTS"

uname:Linux 4.4.0-17763-Microsoft #379-Microsoft Wed Mar 06 19:16:00 PST 2019 x86_64
libc:glibc 2.27 NPTL 2.27 
rlimit: STACK 8192k, CORE infinity, NPROC 7823, NOFILE 65536, AS infinity
load average:0.52 0.58 0.59

/proc/meminfo:
MemTotal:       33447220 kB
MemFree:        25501060 kB
Buffers:           34032 kB
Cached:           188576 kB
SwapCached:            0 kB
Active:           167556 kB
Inactive:         157876 kB
Active(anon):     103104 kB
Inactive(anon):    17440 kB
Active(file):      64452 kB
Inactive(file):   140436 kB
Unevictable:           0 kB
Mlocked:               0 kB
SwapTotal:      83569976 kB
SwapFree:       83479864 kB
Dirty:                 0 kB
Writeback:             0 kB
AnonPages:        102824 kB
Mapped:            71404 kB
Shmem:             17720 kB
Slab:              13868 kB
SReclaimable:       6744 kB
SUnreclaim:         7124 kB
KernelStack:        2848 kB
PageTables:         2524 kB
NFS_Unstable:          0 kB
Bounce:                0 kB
WritebackTmp:          0 kB
CommitLimit:      515524 kB
Committed_AS:    3450064 kB
VmallocTotal:     122880 kB
VmallocUsed:       21296 kB
VmallocChunk:      66044 kB
HardwareCorrupted:     0 kB
AnonHugePages:      2048 kB
HugePages_Total:       0
HugePages_Free:        0
HugePages_Rsvd:        0
HugePages_Surp:        0
Hugepagesize:       2048 kB
DirectMap4k:       12280 kB
DirectMap4M:      897024 kB


CPU:total 4 (initial active 4) (4 cores per cpu, 1 threads per core) family 21 model 16 stepping 1, cmov, cx8, fxsr, mmx, sse, sse2, sse3, ssse3, sse4.1, sse4.2, popcnt, avx, aes, clmul, mmxext, 3dnowpref, lzcnt, sse4a, tsc, tscinvbit, tscinv, bmi1

/proc/cpuinfo:
processor	: 0
vendor_id	: AuthenticAMD
cpu family	: 21
model		: 16
model name	: AMD A10-5700 APU with Radeon(tm) HD Graphics   
stepping	: 1
microcode	: 0xffffffff
cpu MHz		: 3400.000
cache size	: 2048 KB
physical id	: 0
siblings	: 4
core id		: 0
cpu cores	: 2
apicid		: 0
initial apicid	: 0
fpu		: yes
fpu_exception	: yes
cpuid level	: 21
wp		: yes
flags		: fpu vme de pse tsc msr pae mce cx8 apic sep mtrr pge mca cmov pat pse36 clflush mmx fxsr sse sse2 ht syscall nx mmxext fxsr_opt pdpe1gb rdtscp lm pni pclmulqdq ssse3 fma cx16 sse4_1 sse4_2 popcnt aes xsave osxsave avx f16c hypervisor
bogomips	: 6800.00
clflush size	: 64
cache_alignment	: 64
address sizes	: 36 bits physical, 48 bits virtual
power management:

processor	: 1
vendor_id	: AuthenticAMD
cpu family	: 21
model		: 16
model name	: AMD A10-5700 APU with Radeon(tm) HD Graphics   
stepping	: 1
microcode	: 0xffffffff
cpu MHz		: 3400.000
cache size	: 2048 KB
physical id	: 0
siblings	: 4
core id		: 0
cpu cores	: 2
apicid		: 0
initial apicid	: 0
fpu		: yes
fpu_exception	: yes
cpuid level	: 21
wp		: yes
flags		: fpu vme de pse tsc msr pae mce cx8 apic sep mtrr pge mca cmov pat pse36 clflush mmx fxsr sse sse2 ht syscall nx mmxext fxsr_opt pdpe1gb rdtscp lm pni pclmulqdq ssse3 fma cx16 sse4_1 sse4_2 popcnt aes xsave osxsave avx f16c hypervisor
bogomips	: 6800.00
clflush size	: 64
cache_alignment	: 64
address sizes	: 36 bits physical, 48 bits virtual
power management:

processor	: 2
vendor_id	: AuthenticAMD
cpu family	: 21
model		: 16
model name	: AMD A10-5700 APU with Radeon(tm) HD Graphics   
stepping	: 1
microcode	: 0xffffffff
cpu MHz		: 3400.000
cache size	: 2048 KB
physical id	: 0
siblings	: 4
core id		: 1
cpu cores	: 2
apicid		: 0
initial apicid	: 0
fpu		: yes
fpu_exception	: yes
cpuid level	: 21
wp		: yes
flags		: fpu vme de pse tsc msr pae mce cx8 apic sep mtrr pge mca cmov pat pse36 clflush mmx fxsr sse sse2 ht syscall nx mmxext fxsr_opt pdpe1gb rdtscp lm pni pclmulqdq ssse3 fma cx16 sse4_1 sse4_2 popcnt aes xsave osxsave avx f16c hypervisor
bogomips	: 6800.00
clflush size	: 64
cache_alignment	: 64
address sizes	: 36 bits physical, 48 bits virtual
power management:

processor	: 3
vendor_id	: AuthenticAMD
cpu family	: 21
model		: 16
model name	: AMD A10-5700 APU with Radeon(tm) HD Graphics   
stepping	: 1
microcode	: 0xffffffff
cpu MHz		: 3400.000
cache size	: 2048 KB
physical id	: 0
siblings	: 4
core id		: 1
cpu cores	: 2
apicid		: 0
initial apicid	: 0
fpu		: yes
fpu_exception	: yes
cpuid level	: 21
wp		: yes
flags		: fpu vme de pse tsc msr pae mce cx8 apic sep mtrr pge mca cmov pat pse36 clflush mmx fxsr sse sse2 ht syscall nx mmxext fxsr_opt pdpe1gb rdtscp lm pni pclmulqdq ssse3 fma cx16 sse4_1 sse4_2 popcnt aes xsave osxsave avx f16c hypervisor
bogomips	: 6800.00
clflush size	: 64
cache_alignment	: 64
address sizes	: 36 bits physical, 48 bits virtual
power management:



Memory: 4k page, physical 33447220k(25501060k free), swap 83569976k(83479864k free)

vm_info: OpenJDK 64-Bit Server VM (25.212-b03) for linux-amd64 JRE (1.8.0_212-8u212-b03-0ubuntu1.18.04.1-b03), built on Apr 26 2019 01:04:36 by "buildd" with gcc 7.3.0

time: Mon Jun 10 19:22:15 2019
timezone: DST
elapsed time: 0 seconds (0d 0h 0m 0s)

